<?xml version="1.0" encoding="UTF-8"?>
<!-- Generated by org.testng.reporters.JUnitXMLReporter -->
<testsuite ignored="1" hostname="DESKTOP-I35SKP6" failures="0" tests="3" name="Default test" time="384.085" errors="0" timestamp="2021-03-17T16:42:05 IST">
  <testcase classname="testcases.hometestcase" name="placeOrder" time="25.559"/>
  <testcase classname="testcases.hometestcase" name="placeOrderwithSigleItem" time="89.289"/>
  <testcase classname="testcases.hometestcase" name="placeOrderwithmultipleItem" time="269.102"/>
  <testcase classname="testcases.hometestcase" name="handsFreeCategoryItemsOrder" time="0.0">
    <ignored/>
  </testcase> <!-- handsFreeCategoryItemsOrder -->
</testsuite> <!-- Default test -->
